2024-09-19 10:33:46,979 - INFO - Appended content from app/fonts.ts
2024-09-19 10:33:46,979 - INFO - Appended content from app/layout.tsx
2024-09-19 10:33:46,979 - INFO - Appended content from app/page.tsx
2024-09-19 10:33:46,980 - INFO - Appended content from app/globals.css
2024-09-19 10:33:46,980 - INFO - Appended content from app/members/layout.tsx
2024-09-19 10:33:46,980 - INFO - Appended content from app/members/page.tsx
2024-09-19 10:33:46,980 - INFO - Appended content from app/members/admin/layout.tsx
2024-09-19 10:33:46,980 - INFO - Appended content from app/members/admin/page.tsx
2024-09-19 10:33:46,980 - INFO - Appended content from app/members/admin/polls/page.tsx
2024-09-19 10:33:46,981 - INFO - Appended content from app/members/admin/users/page.tsx
2024-09-19 10:33:46,981 - INFO - Appended content from app/members/admin/messaging/page.tsx
2024-09-19 10:33:46,981 - INFO - Searched through /Users/jmlima/Desktop/working/meetadrifter/app
2024-09-19 10:33:46,982 - INFO - Appended content from components/MembersMenu.tsx
2024-09-19 10:33:46,982 - INFO - Appended content from components/CreatePoll.tsx
2024-09-19 10:33:46,982 - INFO - Appended content from components/CurrentPoll.tsx
2024-09-19 10:33:46,982 - INFO - Appended content from components/Background.tsx
2024-09-19 10:33:46,983 - INFO - Appended content from components/ListPolls.tsx
2024-09-19 10:33:46,983 - INFO - Appended content from components/Poll.tsx
2024-09-19 10:33:46,983 - INFO - Appended content from components/AnimatedBackground.tsx
2024-09-19 10:33:46,983 - INFO - Appended content from components/Toast.tsx
2024-09-19 10:33:46,983 - INFO - Searched through /Users/jmlima/Desktop/working/meetadrifter/components
2024-09-19 10:33:46,983 - INFO - Appended content from amplify/backend.ts
2024-09-19 10:33:46,983 - INFO - Appended content from amplify/auth/resource.ts
2024-09-19 10:33:46,984 - INFO - Appended content from amplify/data/resource.ts
2024-09-19 10:33:46,984 - INFO - Searched through /Users/jmlima/Desktop/working/meetadrifter/amplify
2024-09-19 10:33:46,984 - INFO - Appended content from contexts/ToastContext.tsx
2024-09-19 10:33:46,984 - INFO - Appended content from contexts/AuthContext.tsx
2024-09-19 10:33:46,984 - INFO - Searched through /Users/jmlima/Desktop/working/meetadrifter/contexts
2024-09-19 10:33:46,984 - INFO - Operation completed. All code written to current-code.txt
2024-09-19 11:16:34,896 - INFO - Appended content from contexts/ToastContext.tsx
2024-09-19 11:16:34,896 - INFO - Appended content from contexts/AuthContext.tsx
2024-09-19 11:16:34,896 - INFO - Searched through /Users/jmlima/Desktop/working/meetadrifter/contexts
2024-09-19 11:16:34,897 - INFO - Operation completed. All code written to current-code.txt
2024-09-19 11:22:32,797 - INFO - Appended content from app/fonts.ts
2024-09-19 11:22:32,798 - INFO - Appended content from app/layout.tsx
2024-09-19 11:22:32,798 - INFO - Appended content from app/page.tsx
2024-09-19 11:22:32,798 - INFO - Appended content from app/globals.css
2024-09-19 11:22:32,798 - INFO - Appended content from app/members/layout.tsx
2024-09-19 11:22:32,798 - INFO - Appended content from app/members/page.tsx
2024-09-19 11:22:32,798 - INFO - Appended content from app/members/admin/layout.tsx
2024-09-19 11:22:32,799 - INFO - Appended content from app/members/admin/page.tsx
2024-09-19 11:22:32,799 - INFO - Appended content from app/members/admin/polls/page.tsx
2024-09-19 11:22:32,799 - INFO - Appended content from app/members/admin/users/page.tsx
2024-09-19 11:22:32,799 - INFO - Appended content from app/members/admin/messaging/page.tsx
2024-09-19 11:22:32,799 - INFO - Searched through /Users/jmlima/Desktop/working/meetadrifter/app
2024-09-19 11:22:32,800 - INFO - Appended content from components/MembersMenu.tsx
2024-09-19 11:22:32,800 - INFO - Appended content from components/CreatePoll.tsx
2024-09-19 11:22:32,800 - INFO - Appended content from components/CurrentPoll.tsx
2024-09-19 11:22:32,801 - INFO - Appended content from components/Background.tsx
2024-09-19 11:22:32,801 - INFO - Appended content from components/ListPolls.tsx
2024-09-19 11:22:32,801 - INFO - Appended content from components/Poll.tsx
2024-09-19 11:22:32,801 - INFO - Appended content from components/AnimatedBackground.tsx
2024-09-19 11:22:32,801 - INFO - Appended content from components/Toast.tsx
2024-09-19 11:22:32,801 - INFO - Searched through /Users/jmlima/Desktop/working/meetadrifter/components
2024-09-19 11:22:32,802 - INFO - Appended content from amplify/backend.ts
2024-09-19 11:22:32,802 - INFO - Appended content from amplify/auth/resource.ts
2024-09-19 11:22:32,802 - INFO - Appended content from amplify/data/resource.ts
2024-09-19 11:22:32,802 - INFO - Searched through /Users/jmlima/Desktop/working/meetadrifter/amplify
2024-09-19 11:22:32,802 - INFO - Appended content from contexts/ToastContext.tsx
2024-09-19 11:22:32,802 - INFO - Appended content from contexts/AuthContext.tsx
2024-09-19 11:22:32,802 - INFO - Searched through /Users/jmlima/Desktop/working/meetadrifter/contexts
2024-09-19 11:22:32,803 - INFO - Operation completed. All code written to current-code.txt
2024-09-19 12:05:08,430 - INFO - Appended content from app/fonts.ts
2024-09-19 12:05:08,430 - INFO - Appended content from app/layout.tsx
2024-09-19 12:05:08,431 - INFO - Appended content from app/page.tsx
2024-09-19 12:05:08,431 - INFO - Appended content from app/globals.css
2024-09-19 12:05:08,431 - INFO - Appended content from app/members/layout.tsx
2024-09-19 12:05:08,431 - INFO - Appended content from app/members/page.tsx
2024-09-19 12:05:08,432 - INFO - Appended content from app/members/admin/layout.tsx
2024-09-19 12:05:08,432 - INFO - Appended content from app/members/admin/page.tsx
2024-09-19 12:05:08,432 - INFO - Appended content from app/members/admin/polls/page.tsx
2024-09-19 12:05:08,433 - INFO - Appended content from app/members/admin/users/page.tsx
2024-09-19 12:05:08,433 - INFO - Appended content from app/members/admin/messaging/page.tsx
2024-09-19 12:05:08,433 - INFO - Searched through /Users/jmlima/Desktop/working/meetadrifter/app
2024-09-19 12:05:08,434 - INFO - Appended content from components/MembersMenu.tsx
2024-09-19 12:05:08,434 - INFO - Appended content from components/CreatePoll.tsx
2024-09-19 12:05:08,434 - INFO - Appended content from components/CurrentPoll.tsx
2024-09-19 12:05:08,434 - INFO - Appended content from components/Background.tsx
2024-09-19 12:05:08,434 - INFO - Appended content from components/ListPolls.tsx
2024-09-19 12:05:08,435 - INFO - Appended content from components/Poll.tsx
2024-09-19 12:05:08,435 - INFO - Appended content from components/AnimatedBackground.tsx
2024-09-19 12:05:08,435 - INFO - Appended content from components/Toast.tsx
2024-09-19 12:05:08,435 - INFO - Searched through /Users/jmlima/Desktop/working/meetadrifter/components
2024-09-19 12:05:08,435 - INFO - Appended content from amplify/backend.ts
2024-09-19 12:05:08,435 - INFO - Appended content from amplify/auth/resource.ts
2024-09-19 12:05:08,436 - INFO - Appended content from amplify/data/resource.ts
2024-09-19 12:05:08,436 - INFO - Searched through /Users/jmlima/Desktop/working/meetadrifter/amplify
2024-09-19 12:05:08,436 - INFO - Appended content from contexts/ToastContext.tsx
2024-09-19 12:05:08,436 - INFO - Appended content from contexts/AuthContext.tsx
2024-09-19 12:05:08,436 - INFO - Searched through /Users/jmlima/Desktop/working/meetadrifter/contexts
2024-09-19 12:05:08,437 - INFO - Operation completed. All code written to current-code.txt
2024-09-26 12:37:50,373 - INFO - Appended content from amplify/backend.ts
2024-09-26 12:37:50,373 - INFO - Appended content from amplify/auth/resource.ts
2024-09-26 12:37:50,374 - INFO - Appended content from amplify/functions/manage-users/resource.ts
2024-09-26 12:37:50,374 - INFO - Appended content from amplify/functions/manage-users/handler.ts
2024-09-26 12:37:50,374 - INFO - Appended content from amplify/data/resource.ts
2024-09-26 12:37:50,374 - INFO - Searched through /Users/jmlima/Desktop/working/meetadrifter/amplify
2024-09-26 12:37:50,374 - INFO - Appended content from app/fonts.ts
2024-09-26 12:37:50,375 - INFO - Appended content from app/layout.tsx
2024-09-26 12:37:50,375 - INFO - Appended content from app/page.tsx
2024-09-26 12:37:50,375 - INFO - Appended content from app/globals.css
2024-09-26 12:37:50,375 - INFO - Appended content from app/members/layout.tsx
2024-09-26 12:37:50,375 - INFO - Appended content from app/members/page.tsx
2024-09-26 12:37:50,376 - INFO - Appended content from app/members/admin/layout.tsx
2024-09-26 12:37:50,376 - INFO - Appended content from app/members/admin/page.tsx
2024-09-26 12:37:50,376 - INFO - Appended content from app/members/admin/polls/page.tsx
2024-09-26 12:37:50,376 - INFO - Appended content from app/members/admin/users/page.tsx
2024-09-26 12:37:50,376 - INFO - Appended content from app/members/admin/files/page.tsx
2024-09-26 12:37:50,376 - INFO - Appended content from app/members/admin/messaging/page.tsx
2024-09-26 12:37:50,376 - INFO - Searched through /Users/jmlima/Desktop/working/meetadrifter/app
2024-09-26 12:37:50,377 - INFO - Appended content from components/MembersMenu.tsx
2024-09-26 12:37:50,377 - INFO - Appended content from components/CreatePoll.tsx
2024-09-26 12:37:50,377 - INFO - Appended content from components/CurrentPoll.tsx
2024-09-26 12:37:50,377 - INFO - Appended content from components/Background.tsx
2024-09-26 12:37:50,377 - INFO - Appended content from components/ListPolls.tsx
2024-09-26 12:37:50,378 - INFO - Appended content from components/Poll.tsx
2024-09-26 12:37:50,378 - INFO - Appended content from components/AnimatedBackground.tsx
2024-09-26 12:37:50,378 - INFO - Appended content from components/Toast.tsx
2024-09-26 12:37:50,378 - INFO - Searched through /Users/jmlima/Desktop/working/meetadrifter/components
2024-09-26 12:37:50,378 - INFO - Appended content from contexts/ToastContext.tsx
2024-09-26 12:37:50,378 - INFO - Appended content from contexts/AuthContext.tsx
2024-09-26 12:37:50,378 - INFO - Searched through /Users/jmlima/Desktop/working/meetadrifter/contexts
2024-09-26 12:37:50,378 - INFO - Searched through /Users/jmlima/Desktop/working/meetadrifter/public
2024-09-26 12:37:50,379 - INFO - Operation completed. All code written to current-code.txt
2024-09-26 13:23:16,675 - INFO - Appended content from amplify/backend.ts
2024-09-26 13:23:16,676 - INFO - Appended content from amplify/auth/resource.ts
2024-09-26 13:23:16,676 - INFO - Appended content from amplify/functions/manage-users/resource.ts
2024-09-26 13:23:16,676 - INFO - Appended content from amplify/functions/manage-users/handler.ts
2024-09-26 13:23:16,677 - INFO - Appended content from amplify/data/resource.ts
2024-09-26 13:23:16,677 - INFO - Searched through /Users/jmlima/Desktop/working/meetadrifter/amplify
2024-09-26 13:23:16,677 - INFO - Appended content from app/fonts.ts
2024-09-26 13:23:16,677 - INFO - Appended content from app/layout.tsx
2024-09-26 13:23:16,677 - INFO - Appended content from app/page.tsx
2024-09-26 13:23:16,677 - INFO - Appended content from app/globals.css
2024-09-26 13:23:16,678 - INFO - Appended content from app/members/layout.tsx
2024-09-26 13:23:16,678 - INFO - Appended content from app/members/page.tsx
2024-09-26 13:23:16,678 - INFO - Appended content from app/members/admin/layout.tsx
2024-09-26 13:23:16,678 - INFO - Appended content from app/members/admin/page.tsx
2024-09-26 13:23:16,678 - INFO - Appended content from app/members/admin/polls/page.tsx
2024-09-26 13:23:16,678 - INFO - Appended content from app/members/admin/users/page.tsx
2024-09-26 13:23:16,679 - INFO - Appended content from app/members/admin/files/page.tsx
2024-09-26 13:23:16,679 - INFO - Appended content from app/members/admin/messaging/page.tsx
2024-09-26 13:23:16,679 - INFO - Searched through /Users/jmlima/Desktop/working/meetadrifter/app
2024-09-26 13:23:16,679 - INFO - Appended content from components/MembersMenu.tsx
2024-09-26 13:23:16,679 - INFO - Appended content from components/CreatePoll.tsx
2024-09-26 13:23:16,679 - INFO - Appended content from components/CurrentPoll.tsx
2024-09-26 13:23:16,679 - INFO - Appended content from components/Background.tsx
2024-09-26 13:23:16,680 - INFO - Appended content from components/ListPolls.tsx
2024-09-26 13:23:16,680 - INFO - Appended content from components/Poll.tsx
2024-09-26 13:23:16,680 - INFO - Appended content from components/AnimatedBackground.tsx
2024-09-26 13:23:16,680 - INFO - Appended content from components/Toast.tsx
2024-09-26 13:23:16,680 - INFO - Searched through /Users/jmlima/Desktop/working/meetadrifter/components
2024-09-26 13:23:16,680 - INFO - Appended content from contexts/ToastContext.tsx
2024-09-26 13:23:16,681 - INFO - Appended content from contexts/AuthContext.tsx
2024-09-26 13:23:16,681 - INFO - Searched through /Users/jmlima/Desktop/working/meetadrifter/contexts
2024-09-26 13:23:16,681 - INFO - Operation completed. All code written to current-code.txt
2024-09-26 13:26:01,968 - INFO - Appended content from amplify/backend.ts
2024-09-26 13:26:01,968 - INFO - Appended content from amplify/auth/resource.ts
2024-09-26 13:26:01,969 - INFO - Appended content from amplify/functions/manage-users/resource.ts
2024-09-26 13:26:01,969 - INFO - Appended content from amplify/functions/manage-users/handler.ts
2024-09-26 13:26:01,969 - INFO - Appended content from amplify/data/resource.ts
2024-09-26 13:26:01,969 - INFO - Searched through /Users/jmlima/Desktop/working/meetadrifter/amplify
2024-09-26 13:26:01,970 - INFO - Operation completed. All code written to current-code.txt
2024-09-26 13:36:26,862 - INFO - Appended content from amplify/backend.ts
2024-09-26 13:36:26,863 - INFO - Appended content from amplify/auth/resource.ts
2024-09-26 13:36:26,863 - INFO - Appended content from amplify/functions/manage-users/resource.ts
2024-09-26 13:36:26,863 - INFO - Appended content from amplify/functions/manage-users/handler.ts
2024-09-26 13:36:26,864 - INFO - Appended content from amplify/data/resource.ts
2024-09-26 13:36:26,864 - INFO - Searched through /Users/jmlima/Desktop/working/meetadrifter/amplify
2024-09-26 13:36:26,864 - INFO - Appended content from app/fonts.ts
2024-09-26 13:36:26,864 - INFO - Appended content from app/layout.tsx
2024-09-26 13:36:26,864 - INFO - Appended content from app/page.tsx
2024-09-26 13:36:26,864 - INFO - Appended content from app/globals.css
2024-09-26 13:36:26,865 - INFO - Appended content from app/members/layout.tsx
2024-09-26 13:36:26,865 - INFO - Appended content from app/members/page.tsx
2024-09-26 13:36:26,865 - INFO - Appended content from app/members/admin/layout.tsx
2024-09-26 13:36:26,865 - INFO - Appended content from app/members/admin/page.tsx
2024-09-26 13:36:26,865 - INFO - Appended content from app/members/admin/polls/page.tsx
2024-09-26 13:36:26,865 - INFO - Appended content from app/members/admin/users/page.tsx
2024-09-26 13:36:26,866 - INFO - Appended content from app/members/admin/files/page.tsx
2024-09-26 13:36:26,866 - INFO - Appended content from app/members/admin/messaging/page.tsx
2024-09-26 13:36:26,866 - INFO - Searched through /Users/jmlima/Desktop/working/meetadrifter/app
2024-09-26 13:36:26,866 - INFO - Appended content from components/MembersMenu.tsx
2024-09-26 13:36:26,866 - INFO - Appended content from components/CreatePoll.tsx
2024-09-26 13:36:26,866 - INFO - Appended content from components/CurrentPoll.tsx
2024-09-26 13:36:26,867 - INFO - Appended content from components/Background.tsx
2024-09-26 13:36:26,867 - INFO - Appended content from components/ListPolls.tsx
2024-09-26 13:36:26,867 - INFO - Appended content from components/Poll.tsx
2024-09-26 13:36:26,868 - INFO - Appended content from components/AnimatedBackground.tsx
2024-09-26 13:36:26,868 - INFO - Appended content from components/Toast.tsx
2024-09-26 13:36:26,869 - INFO - Searched through /Users/jmlima/Desktop/working/meetadrifter/components
2024-09-26 13:36:26,869 - INFO - Appended content from contexts/ToastContext.tsx
2024-09-26 13:36:26,869 - INFO - Appended content from contexts/AuthContext.tsx
2024-09-26 13:36:26,869 - INFO - Searched through /Users/jmlima/Desktop/working/meetadrifter/contexts
2024-09-26 13:36:26,870 - INFO - Operation completed. All code written to current-code.txt
2024-09-27 09:54:57,263 - INFO - Appended content from amplify/backend.ts
2024-09-27 09:54:57,263 - INFO - Appended content from amplify/auth/resource.ts
2024-09-27 09:54:57,264 - INFO - Appended content from amplify/functions/manage-users/resource.ts
2024-09-27 09:54:57,264 - INFO - Appended content from amplify/functions/manage-users/handler.ts
2024-09-27 09:54:57,264 - INFO - Appended content from amplify/data/resource.ts
2024-09-27 09:54:57,264 - INFO - Searched through /Users/jmlima/Desktop/working/meetadrifter/amplify
2024-09-27 09:54:57,264 - INFO - Operation completed. All code written to current-code.txt
2024-09-27 13:16:44,721 - INFO - Appended content from amplify/backend.ts
2024-09-27 13:16:44,721 - INFO - Appended content from amplify/auth/resource.ts
2024-09-27 13:16:44,722 - INFO - Appended content from amplify/functions/manage-users/resource.ts
2024-09-27 13:16:44,723 - INFO - Appended content from amplify/functions/manage-users/handler.ts
2024-09-27 13:16:44,723 - INFO - Appended content from amplify/data/resource.ts
2024-09-27 13:16:44,723 - INFO - Searched through /Users/jmlima/Desktop/working/meetadrifter/amplify
2024-09-27 13:16:44,724 - INFO - Operation completed. All code written to current-code.txt
2024-09-29 16:42:52,802 - INFO - Appended content from amplify/backend.ts
2024-09-29 16:42:52,802 - INFO - Appended content from amplify/auth/resource.ts
2024-09-29 16:42:52,802 - INFO - Appended content from amplify/functions/manage-users/resource.ts
2024-09-29 16:42:52,803 - INFO - Appended content from amplify/functions/manage-users/handler.ts
2024-09-29 16:42:52,803 - INFO - Appended content from amplify/data/resource.ts
2024-09-29 16:42:52,803 - INFO - Searched through /Users/jmlima/Desktop/working/meetadrifter/amplify
2024-09-29 16:42:52,803 - INFO - Appended content from app/fonts.ts
2024-09-29 16:42:52,803 - INFO - Appended content from app/layout.tsx
2024-09-29 16:42:52,803 - INFO - Appended content from app/page.tsx
2024-09-29 16:42:52,804 - INFO - Appended content from app/globals.css
2024-09-29 16:42:52,804 - INFO - Appended content from app/members/layout.tsx
2024-09-29 16:42:52,804 - INFO - Appended content from app/members/page.tsx
2024-09-29 16:42:52,804 - INFO - Appended content from app/members/admin/layout.tsx
2024-09-29 16:42:52,804 - INFO - Appended content from app/members/admin/page.tsx
2024-09-29 16:42:52,805 - INFO - Appended content from app/members/admin/code/page.tsx
2024-09-29 16:42:52,805 - INFO - Appended content from app/members/admin/polls/page.tsx
2024-09-29 16:42:52,805 - INFO - Appended content from app/members/admin/users/page.tsx
2024-09-29 16:42:52,805 - INFO - Appended content from app/members/admin/messaging/page.tsx
2024-09-29 16:42:52,805 - INFO - Appended content from app/members/code/page.tsx
2024-09-29 16:42:52,805 - INFO - Searched through /Users/jmlima/Desktop/working/meetadrifter/app
2024-09-29 16:42:52,806 - INFO - Appended content from components/FileForm.tsx
2024-09-29 16:42:52,806 - INFO - Appended content from components/MembersMenu.tsx
2024-09-29 16:42:52,806 - INFO - Appended content from components/CreatePoll.tsx
2024-09-29 16:42:52,806 - INFO - Appended content from components/CurrentPoll.tsx
2024-09-29 16:42:52,807 - INFO - Appended content from components/Background.tsx
2024-09-29 16:42:52,807 - INFO - Appended content from components/ListPolls.tsx
2024-09-29 16:42:52,807 - INFO - Appended content from components/AuthenticatedNavBar.tsx
2024-09-29 16:42:52,807 - INFO - Appended content from components/SetupAndPrereqsForm.tsx
2024-09-29 16:42:52,808 - INFO - Appended content from components/ListSetupAndPrereqs.tsx
2024-09-29 16:42:52,808 - INFO - Appended content from components/Poll.tsx
2024-09-29 16:42:52,808 - INFO - Appended content from components/AnimatedBackground.tsx
2024-09-29 16:42:52,808 - INFO - Appended content from components/ListFiles.tsx
2024-09-29 16:42:52,808 - INFO - Appended content from components/Toast.tsx
2024-09-29 16:42:52,808 - INFO - Searched through /Users/jmlima/Desktop/working/meetadrifter/components
2024-09-29 16:42:52,809 - INFO - Appended content from contexts/ToastContext.tsx
2024-09-29 16:42:52,809 - INFO - Appended content from contexts/AuthContext.tsx
2024-09-29 16:42:52,809 - INFO - Searched through /Users/jmlima/Desktop/working/meetadrifter/contexts
2024-09-29 16:42:52,810 - INFO - Operation completed. All code written to current-code.txt
2024-09-29 16:50:59,602 - INFO - Appended content from amplify/backend.ts
2024-09-29 16:50:59,603 - INFO - Appended content from amplify/auth/resource.ts
2024-09-29 16:50:59,603 - INFO - Appended content from amplify/functions/manage-users/resource.ts
2024-09-29 16:50:59,603 - INFO - Appended content from amplify/functions/manage-users/handler.ts
2024-09-29 16:50:59,603 - INFO - Appended content from amplify/data/resource.ts
2024-09-29 16:50:59,603 - INFO - Searched through /Users/jmlima/Desktop/working/meetadrifter/amplify
2024-09-29 16:50:59,603 - INFO - Appended content from app/fonts.ts
2024-09-29 16:50:59,604 - INFO - Appended content from app/layout.tsx
2024-09-29 16:50:59,604 - INFO - Appended content from app/page.tsx
2024-09-29 16:50:59,604 - INFO - Appended content from app/globals.css
2024-09-29 16:50:59,604 - INFO - Appended content from app/members/layout.tsx
2024-09-29 16:50:59,604 - INFO - Appended content from app/members/page.tsx
2024-09-29 16:50:59,604 - INFO - Appended content from app/members/admin/layout.tsx
2024-09-29 16:50:59,605 - INFO - Appended content from app/members/admin/page.tsx
2024-09-29 16:50:59,605 - INFO - Appended content from app/members/admin/code/page.tsx
2024-09-29 16:50:59,605 - INFO - Appended content from app/members/admin/polls/page.tsx
2024-09-29 16:50:59,605 - INFO - Appended content from app/members/admin/users/page.tsx
2024-09-29 16:50:59,605 - INFO - Appended content from app/members/admin/messaging/page.tsx
2024-09-29 16:50:59,606 - INFO - Appended content from app/members/code/page.tsx
2024-09-29 16:50:59,606 - INFO - Searched through /Users/jmlima/Desktop/working/meetadrifter/app
2024-09-29 16:50:59,606 - INFO - Appended content from components/FileForm.tsx
2024-09-29 16:50:59,606 - INFO - Appended content from components/MembersMenu.tsx
2024-09-29 16:50:59,606 - INFO - Appended content from components/CreatePoll.tsx
2024-09-29 16:50:59,607 - INFO - Appended content from components/CurrentPoll.tsx
2024-09-29 16:50:59,607 - INFO - Appended content from components/Background.tsx
2024-09-29 16:50:59,607 - INFO - Appended content from components/ListPolls.tsx
2024-09-29 16:50:59,607 - INFO - Appended content from components/AuthenticatedNavBar.tsx
2024-09-29 16:50:59,608 - INFO - Appended content from components/SetupAndPrereqsForm.tsx
2024-09-29 16:50:59,608 - INFO - Appended content from components/ListSetupAndPrereqs.tsx
2024-09-29 16:50:59,608 - INFO - Appended content from components/Poll.tsx
2024-09-29 16:50:59,608 - INFO - Appended content from components/AnimatedBackground.tsx
2024-09-29 16:50:59,608 - INFO - Appended content from components/ListFiles.tsx
2024-09-29 16:50:59,609 - INFO - Appended content from components/Toast.tsx
2024-09-29 16:50:59,609 - INFO - Searched through /Users/jmlima/Desktop/working/meetadrifter/components
2024-09-29 16:50:59,609 - INFO - Appended content from contexts/ToastContext.tsx
2024-09-29 16:50:59,609 - INFO - Appended content from contexts/AuthContext.tsx
2024-09-29 16:50:59,609 - INFO - Searched through /Users/jmlima/Desktop/working/meetadrifter/contexts
2024-09-29 16:50:59,610 - INFO - Operation completed. All code written to current-code.txt
2024-09-29 16:50:59,610 - INFO - All file paths written to 'current-filenames.txt'
2024-09-30 10:38:03,916 - INFO - Appended content from amplify/backend.ts
2024-09-30 10:38:03,916 - INFO - Appended content from amplify/auth/resource.ts
2024-09-30 10:38:03,916 - INFO - Appended content from amplify/functions/manage-users/resource.ts
2024-09-30 10:38:03,916 - INFO - Appended content from amplify/functions/manage-users/handler.ts
2024-09-30 10:38:03,917 - INFO - Appended content from amplify/data/resource.ts
2024-09-30 10:38:03,917 - INFO - Searched through /Users/jmlima/Desktop/working/meetadrifter/amplify
2024-09-30 10:38:03,918 - INFO - Operation completed. All code written to current-code.txt
2024-09-30 10:38:03,918 - INFO - All file paths written to 'current-filenames.txt'
2024-10-01 10:06:49,262 - INFO - Appended content from amplify/backend.ts
2024-10-01 10:06:49,263 - INFO - Appended content from amplify/auth/resource.ts
2024-10-01 10:06:49,263 - INFO - Appended content from amplify/functions/manage-users/resource.ts
2024-10-01 10:06:49,263 - INFO - Appended content from amplify/functions/manage-users/handler.ts
2024-10-01 10:06:49,264 - INFO - Appended content from amplify/data/resource.ts
2024-10-01 10:06:49,264 - INFO - Searched through /Users/jmlima/Desktop/working/meetadrifter/amplify
2024-10-01 10:06:49,264 - INFO - Operation completed. All code written to current-code.txt
2024-10-01 10:06:49,265 - INFO - All file paths written to 'current-filenames.txt'
2024-10-01 16:17:14,109 - WARNING - Folder members does not exist.
2024-10-01 16:17:14,110 - INFO - Operation completed. All code written to current-code.txt
2024-10-01 16:17:14,110 - INFO - All file paths written to 'current-filenames.txt'
2024-10-01 16:18:59,513 - INFO - Appended content from app/members/layout.tsx
2024-10-01 16:18:59,513 - INFO - Appended content from app/members/page.tsx
2024-10-01 16:18:59,513 - INFO - Appended content from app/members/admin/layout.tsx
2024-10-01 16:18:59,513 - INFO - Appended content from app/members/admin/page.tsx
2024-10-01 16:18:59,513 - INFO - Appended content from app/members/admin/code/page.tsx
2024-10-01 16:18:59,514 - INFO - Appended content from app/members/admin/polls/page.tsx
2024-10-01 16:18:59,514 - INFO - Appended content from app/members/admin/users/page.tsx
2024-10-01 16:18:59,514 - INFO - Appended content from app/members/admin/messaging/page.tsx
2024-10-01 16:18:59,515 - INFO - Appended content from app/members/code/layout.tsx
2024-10-01 16:18:59,515 - INFO - Appended content from app/members/code/generateStaticParams.ts
2024-10-01 16:18:59,515 - INFO - Appended content from app/members/code/page.tsx
2024-10-01 16:18:59,515 - INFO - Appended content from app/members/code/[slug]/page.tsx
2024-10-01 16:18:59,515 - INFO - Searched through /Users/jmlima/Desktop/working/meetadrifter/app/members
2024-10-01 16:18:59,515 - INFO - Operation completed. All code written to current-code.txt
2024-10-01 16:18:59,516 - INFO - All file paths written to 'current-filenames.txt'
2024-10-01 16:20:18,164 - INFO - Appended content from app/members/code/layout.tsx
2024-10-01 16:20:18,165 - INFO - Appended content from app/members/code/generateStaticParams.ts
2024-10-01 16:20:18,165 - INFO - Appended content from app/members/code/page.tsx
2024-10-01 16:20:18,165 - INFO - Appended content from app/members/code/[slug]/page.tsx
2024-10-01 16:20:18,165 - INFO - Searched through /Users/jmlima/Desktop/working/meetadrifter/app/members/code
2024-10-01 16:20:18,166 - INFO - Operation completed. All code written to current-code.txt
2024-10-01 16:20:18,166 - INFO - All file paths written to 'current-filenames.txt'
2024-10-01 20:51:38,063 - INFO - Appended content from app/members/code/layout.tsx
2024-10-01 20:51:38,064 - INFO - Appended content from app/members/code/generateStaticParams.ts
2024-10-01 20:51:38,065 - INFO - Appended content from app/members/code/page.tsx
2024-10-01 20:51:38,067 - INFO - Appended content from app/members/code/[slug]/page.tsx
2024-10-01 20:51:38,067 - INFO - Searched through /Users/jmlima/Desktop/working/meetadrifter/app/members/code
2024-10-01 20:51:38,068 - INFO - Operation completed. All code written to current-code.txt
2024-10-01 20:51:38,068 - INFO - All file paths written to 'current-filenames.txt'
2024-10-02 09:54:05,683 - INFO - Appended content from app/members/code/layout.tsx
2024-10-02 09:54:05,683 - INFO - Appended content from app/members/code/generateStaticParams.ts
2024-10-02 09:54:05,684 - INFO - Appended content from app/members/code/page.tsx
2024-10-02 09:54:05,684 - INFO - Appended content from app/members/code/[slug]/page.tsx
2024-10-02 09:54:05,684 - INFO - Searched through /Users/jmlima/Desktop/working/meetadrifter/app/members/code
2024-10-02 09:54:05,684 - INFO - Appended content from lib/fetchLessons.ts
2024-10-02 09:54:05,684 - INFO - Searched through /Users/jmlima/Desktop/working/meetadrifter/lib
2024-10-02 09:54:05,685 - INFO - Operation completed. All code written to current-code.txt
2024-10-02 09:54:05,686 - INFO - All file paths written to 'current-filenames.txt'
2024-10-02 09:54:37,058 - INFO - Appended content from app/members/code/layout.tsx
2024-10-02 09:54:37,058 - INFO - Appended content from app/members/code/generateStaticParams.ts
2024-10-02 09:54:37,058 - INFO - Appended content from app/members/code/page.tsx
2024-10-02 09:54:37,059 - INFO - Appended content from app/members/code/[slug]/page.tsx
2024-10-02 09:54:37,059 - INFO - Searched through /Users/jmlima/Desktop/working/meetadrifter/app/members/code
2024-10-02 09:54:37,059 - INFO - Appended content from lib/fetchLessons.ts
2024-10-02 09:54:37,059 - INFO - Searched through /Users/jmlima/Desktop/working/meetadrifter/lib
2024-10-02 09:54:37,059 - INFO - Appended content from components/LessonContentDisplay.tsx
2024-10-02 09:54:37,059 - INFO - Appended content from components/LessonNavigationLinks.tsx
2024-10-02 09:54:37,060 - INFO - Appended content from components/AllLessonsList.tsx
2024-10-02 09:54:37,060 - INFO - Appended content from components/MembersMenu.tsx
2024-10-02 09:54:37,060 - INFO - Appended content from components/CreatePoll.tsx
2024-10-02 09:54:37,060 - INFO - Appended content from components/CurrentPoll.tsx
2024-10-02 09:54:37,060 - INFO - Appended content from components/Background.tsx
2024-10-02 09:54:37,061 - INFO - Appended content from components/LessonOrder.tsx
2024-10-02 09:54:37,061 - INFO - Appended content from components/ListPolls.tsx
2024-10-02 09:54:37,061 - INFO - Appended content from components/AuthenticatedNavBar.tsx
2024-10-02 09:54:37,061 - INFO - Appended content from components/Poll.tsx
2024-10-02 09:54:37,061 - INFO - Appended content from components/AnimatedBackground.tsx
2024-10-02 09:54:37,061 - INFO - Appended content from components/NavigationLinks.tsx
2024-10-02 09:54:37,062 - INFO - Appended content from components/Toast.tsx
2024-10-02 09:54:37,062 - INFO - Appended content from components/LessonForm.tsx
2024-10-02 09:54:37,062 - INFO - Appended content from components/LessonContent.tsx
2024-10-02 09:54:37,062 - INFO - Appended content from components/TableOfContents.tsx
2024-10-02 09:54:37,062 - INFO - Searched through /Users/jmlima/Desktop/working/meetadrifter/components
2024-10-02 09:54:37,068 - INFO - Operation completed. All code written to current-code.txt
2024-10-02 09:54:37,069 - INFO - All file paths written to 'current-filenames.txt'
2024-10-02 10:10:48,789 - INFO - Appended content from app/members/code/layout.tsx
2024-10-02 10:10:48,789 - INFO - Appended content from app/members/code/generateStaticParams.ts
2024-10-02 10:10:48,789 - INFO - Appended content from app/members/code/page.tsx
2024-10-02 10:10:48,790 - INFO - Appended content from app/members/code/[slug]/page.tsx
2024-10-02 10:10:48,790 - INFO - Searched through /Users/jmlima/Desktop/working/meetadrifter/app/members/code
2024-10-02 10:10:48,790 - INFO - Appended content from lib/fetchLessons.ts
2024-10-02 10:10:48,790 - INFO - Searched through /Users/jmlima/Desktop/working/meetadrifter/lib
2024-10-02 10:10:48,790 - INFO - Appended content from components/LessonContentDisplay.tsx
2024-10-02 10:10:48,790 - INFO - Appended content from components/LessonNavigationLinks.tsx
2024-10-02 10:10:48,790 - INFO - Appended content from components/AllLessonsList.tsx
2024-10-02 10:10:48,790 - INFO - Appended content from components/MembersMenu.tsx
2024-10-02 10:10:48,790 - INFO - Appended content from components/CreatePoll.tsx
2024-10-02 10:10:48,790 - INFO - Appended content from components/CurrentPoll.tsx
2024-10-02 10:10:48,790 - INFO - Appended content from components/Background.tsx
2024-10-02 10:10:48,790 - INFO - Appended content from components/LessonOrder.tsx
2024-10-02 10:10:48,790 - INFO - Appended content from components/ListPolls.tsx
2024-10-02 10:10:48,791 - INFO - Appended content from components/AuthenticatedNavBar.tsx
2024-10-02 10:10:48,791 - INFO - Appended content from components/Poll.tsx
2024-10-02 10:10:48,791 - INFO - Appended content from components/AnimatedBackground.tsx
2024-10-02 10:10:48,791 - INFO - Appended content from components/NavigationLinks.tsx
2024-10-02 10:10:48,791 - INFO - Appended content from components/Toast.tsx
2024-10-02 10:10:48,791 - INFO - Appended content from components/LessonForm.tsx
2024-10-02 10:10:48,791 - INFO - Appended content from components/LessonContent.tsx
2024-10-02 10:10:48,791 - INFO - Appended content from components/TableOfContents.tsx
2024-10-02 10:10:48,791 - INFO - Searched through /Users/jmlima/Desktop/working/meetadrifter/components
2024-10-02 10:10:48,792 - INFO - Operation completed. All code written to current-code.txt
2024-10-02 10:10:48,792 - INFO - All file paths written to 'current-filenames.txt'
2024-10-02 11:13:16,349 - INFO - Appended content from app/members/code/layout.tsx
2024-10-02 11:13:16,349 - INFO - Appended content from app/members/code/page.tsx
2024-10-02 11:13:16,350 - INFO - Appended content from app/members/code/[slug]/page.tsx
2024-10-02 11:13:16,350 - INFO - Searched through /Users/jmlima/Desktop/working/meetadrifter/app/members/code
2024-10-02 11:13:16,351 - INFO - Operation completed. All code written to current-code.txt
2024-10-02 11:13:16,357 - INFO - All file paths written to 'current-filenames.txt'
2024-10-02 11:19:12,877 - INFO - Appended content from app/members/code/layout.tsx
2024-10-02 11:19:12,878 - INFO - Appended content from app/members/code/page.tsx
2024-10-02 11:19:12,878 - INFO - Appended content from app/members/code/[slug]/page.tsx
2024-10-02 11:19:12,878 - INFO - Searched through /Users/jmlima/Desktop/working/meetadrifter/app/members/code
2024-10-02 11:19:12,879 - INFO - Operation completed. All code written to current-code.txt
2024-10-02 11:19:12,879 - INFO - All file paths written to 'current-filenames.txt'
2024-10-02 13:55:14,248 - INFO - Appended content from app/members/code/layout.tsx
2024-10-02 13:55:14,248 - INFO - Appended content from app/members/code/generateStaticParams.ts
2024-10-02 13:55:14,249 - INFO - Appended content from app/members/code/page.tsx
2024-10-02 13:55:14,249 - INFO - Appended content from app/members/code/[slug]/page.tsx
2024-10-02 13:55:14,249 - INFO - Searched through /Users/jmlima/Desktop/working/meetadrifter/app/members/code
2024-10-02 13:55:14,249 - INFO - Operation completed. All code written to current-code.txt
2024-10-02 13:55:14,250 - INFO - All file paths written to 'current-filenames.txt'
